<?xml version="1.0" encoding="UTF-8"?>
<testsuite xmlns:xsi="http://www.w3.org/2001/XMLSchema-instance" xsi:noNamespaceSchemaLocation="https://maven.apache.org/surefire/maven-failsafe-plugin/xsd/failsafe-test-report-3.0.xsd" version="3.0" name="edu.unisabana.tyvs.registry.delivery.rest.RegistryControllerIT" time="9.484" tests="6" errors="0" skipped="0" failures="0">
  <properties>
[...]
</properties>
  <testcase name="shouldReturnBadRequestWhenJsonIsMalformed" classname="edu.unisabana.tyvs.registry.delivery.rest.RegistryControllerIT" time="2.224">
    <system-out><![CDATA[18:34:35.853 [main] DEBUG org.springframework.test.annotation.ProfileValueUtils - Retrieved @ProfileValueSourceConfiguration [null] for test class [edu.unisabana.tyvs.registry.delivery.rest.RegistryControllerIT]
18:34:35.853 [main] DEBUG org.springframework.test.annotation.ProfileValueUtils - Retrieved ProfileValueSource type [class org.springframework.test.annotation.SystemProfileValueSource] for class [edu.unisabana.tyvs.registry.delivery.rest.RegistryControllerIT]
18:34:35.854 [main] DEBUG org.springframework.test.annotation.ProfileValueUtils - Retrieved @ProfileValueSourceConfiguration [null] for test class [edu.unisabana.tyvs.registry.delivery.rest.RegistryControllerIT]
18:34:35.854 [main] DEBUG org.springframework.test.annotation.ProfileValueUtils - Retrieved ProfileValueSource type [class org.springframework.test.annotation.SystemProfileValueSource] for class [edu.unisabana.tyvs.registry.delivery.rest.RegistryControllerIT]
18:34:35.854 [main] DEBUG org.springframework.test.annotation.ProfileValueUtils - Retrieved @ProfileValueSourceConfiguration [null] for test class [edu.unisabana.tyvs.registry.delivery.rest.RegistryControllerIT]
18:34:35.854 [main] DEBUG org.springframework.test.annotation.ProfileValueUtils - Retrieved ProfileValueSource type [class org.springframework.test.annotation.SystemProfileValueSource] for class [edu.unisabana.tyvs.registry.delivery.rest.RegistryControllerIT]
18:34:35.866 [main] DEBUG org.springframework.test.context.support.AbstractDirtiesContextTestExecutionListener - Before test class: context [DefaultTestContext@26d24d7a testClass = RegistryControllerIT, testInstance = [null], testMethod = [null], testException = [null], mergedContextConfiguration = [WebMergedContextConfiguration@5a78b52b testClass = RegistryControllerIT, locations = '{}', classes = '{class edu.unisabana.tyvs.registry.RegistryApplication}', contextInitializerClasses = '[]', activeProfiles = '{}', propertySourceLocations = '{}', propertySourceProperties = '{registry.jdbc-url=jdbc:h2:mem:regdb_ctrl_it;DB_CLOSE_DELAY=-1, org.springframework.boot.test.context.SpringBootTestContextBootstrapper=true, server.port=0}', contextCustomizers = set[org.springframework.boot.test.context.filter.ExcludeFilterContextCustomizer@1e6b9a95, org.springframework.boot.test.json.DuplicateJsonObjectContextCustomizerFactory$DuplicateJsonObjectContextCustomizer@5942ee04, org.springframework.boot.test.mock.mockito.MockitoContextCustomizer@0, org.springframework.boot.test.web.client.TestRestTemplateContextCustomizer@9f6e406, org.springframework.boot.test.autoconfigure.actuate.metrics.MetricsExportContextCustomizerFactory$DisableMetricExportContextCustomizer@31ff1390, org.springframework.boot.test.autoconfigure.properties.PropertyMappingContextCustomizer@0, org.springframework.boot.test.autoconfigure.web.servlet.WebDriverContextCustomizerFactory$Customizer@534ca02b, org.springframework.boot.test.context.SpringBootTestArgs@1, org.springframework.boot.test.context.SpringBootTestWebEnvironment@25aca718], resourceBasePath = 'src/main/webapp', contextLoader = 'org.springframework.boot.test.context.SpringBootContextLoader', parent = [null]], attributes = map['org.springframework.test.context.web.ServletTestExecutionListener.activateListener' -> false]], class annotated with @DirtiesContext [false] with mode [null].
18:34:35.870 [main] DEBUG org.springframework.test.annotation.ProfileValueUtils - Retrieved @ProfileValueSourceConfiguration [null] for test class [edu.unisabana.tyvs.registry.delivery.rest.RegistryControllerIT]
18:34:35.871 [main] DEBUG org.springframework.test.annotation.ProfileValueUtils - Retrieved ProfileValueSource type [class org.springframework.test.annotation.SystemProfileValueSource] for class [edu.unisabana.tyvs.registry.delivery.rest.RegistryControllerIT]
18:34:35.883 [main] DEBUG org.springframework.test.context.support.DependencyInjectionTestExecutionListener - Performing dependency injection for test context [[DefaultTestContext@26d24d7a testClass = RegistryControllerIT, testInstance = edu.unisabana.tyvs.registry.delivery.rest.RegistryControllerIT@54a6ef6, testMethod = [null], testException = [null], mergedContextConfiguration = [WebMergedContextConfiguration@5a78b52b testClass = RegistryControllerIT, locations = '{}', classes = '{class edu.unisabana.tyvs.registry.RegistryApplication}', contextInitializerClasses = '[]', activeProfiles = '{}', propertySourceLocations = '{}', propertySourceProperties = '{registry.jdbc-url=jdbc:h2:mem:regdb_ctrl_it;DB_CLOSE_DELAY=-1, org.springframework.boot.test.context.SpringBootTestContextBootstrapper=true, server.port=0}', contextCustomizers = set[org.springframework.boot.test.context.filter.ExcludeFilterContextCustomizer@1e6b9a95, org.springframework.boot.test.json.DuplicateJsonObjectContextCustomizerFactory$DuplicateJsonObjectContextCustomizer@5942ee04, org.springframework.boot.test.mock.mockito.MockitoContextCustomizer@0, org.springframework.boot.test.web.client.TestRestTemplateContextCustomizer@9f6e406, org.springframework.boot.test.autoconfigure.actuate.metrics.MetricsExportContextCustomizerFactory$DisableMetricExportContextCustomizer@31ff1390, org.springframework.boot.test.autoconfigure.properties.PropertyMappingContextCustomizer@0, org.springframework.boot.test.autoconfigure.web.servlet.WebDriverContextCustomizerFactory$Customizer@534ca02b, org.springframework.boot.test.context.SpringBootTestArgs@1, org.springframework.boot.test.context.SpringBootTestWebEnvironment@25aca718], resourceBasePath = 'src/main/webapp', contextLoader = 'org.springframework.boot.test.context.SpringBootContextLoader', parent = [null]], attributes = map['org.springframework.test.context.web.ServletTestExecutionListener.activateListener' -> false, 'org.springframework.test.context.event.ApplicationEventsTestExecutionListener.recordApplicationEvents' -> false]]].

  .   ____          _            __ _ _
 /\\ / ___'_ __ _ _(_)_ __  __ _ \ \ \ \
( ( )\___ | '_ | '_| | '_ \/ _` | \ \ \ \
 \\/  ___)| |_)| | | | | || (_| |  ) ) ) )
  '  |____| .__|_| |_|_| |_\__, | / / / /
 =========|_|==============|___/=/_/_/_/
 :: Spring Boot ::               (v2.7.18)

2026-09-13 18:34:36.654  WARN 2316 --- [           main] ory$DuplicateJsonObjectContextCustomizer : 

Found multiple occurrences of org.json.JSONObject on the class path:

	jar:file:/home/fedep/.m2/repository/com/vaadin/external/google/android-json/0.0.20131108.vaadin1/android-json-0.0.20131108.vaadin1.jar!/org/json/JSONObject.class
	jar:file:/home/fedep/.m2/repository/org/json/json/20240205/json-20240205.jar!/org/json/JSONObject.class

You may wish to exclude one of them to ensure predictable runtime behavior

2026-09-13 18:34:36.693  INFO 2316 --- [           main] e.u.t.r.d.rest.RegistryControllerIT      : Starting RegistryControllerIT using Java 17.0.20 on fedepc with PID 2316 (started by fedep in /mnt/j/TYVS-Taller_Pruebas_Integracion/registraduria)
2026-09-13 18:34:36.693  INFO 2316 --- [           main] e.u.t.r.d.rest.RegistryControllerIT      : No active profile set, falling back to 1 default profile: "default"
2026-09-13 18:34:40.034  INFO 2316 --- [           main] o.s.b.w.embedded.tomcat.TomcatWebServer  : Tomcat initialized with port(s): 0 (http)
2026-09-13 18:34:40.057  INFO 2316 --- [           main] o.apache.catalina.core.StandardService   : Starting service [Tomcat]
2026-09-13 18:34:40.058  INFO 2316 --- [           main] org.apache.catalina.core.StandardEngine  : Starting Servlet engine: [Apache Tomcat/9.0.83]
2026-09-13 18:34:40.227  INFO 2316 --- [           main] o.a.c.c.C.[Tomcat].[localhost].[/]       : Initializing Spring embedded WebApplicationContext
2026-09-13 18:34:40.227  INFO 2316 --- [           main] w.s.c.ServletWebServerApplicationContext : Root WebApplicationContext: initialization completed in 3030 ms
2026-09-13 18:34:43.001  INFO 2316 --- [           main] o.s.b.w.embedded.tomcat.TomcatWebServer  : Tomcat started on port(s): 46411 (http) with context path ''
2026-09-13 18:34:43.014  INFO 2316 --- [           main] e.u.t.r.d.rest.RegistryControllerIT      : Started RegistryControllerIT in 7.044 seconds (JVM running for 10.816)
2026-09-13 18:34:44.960  INFO 2316 --- [o-auto-1-exec-1] o.a.c.c.C.[Tomcat].[localhost].[/]       : Initializing Spring DispatcherServlet 'dispatcherServlet'
2026-09-13 18:34:44.960  INFO 2316 --- [o-auto-1-exec-1] o.s.web.servlet.DispatcherServlet        : Initializing Servlet 'dispatcherServlet'
2026-09-13 18:34:44.961  INFO 2316 --- [o-auto-1-exec-1] o.s.web.servlet.DispatcherServlet        : Completed initialization in 0 ms
]]></system-out>
  </testcase>
  <testcase name="shouldReturnUnderageWhenPersonIsMinor" classname="edu.unisabana.tyvs.registry.delivery.rest.RegistryControllerIT" time="0.031"/>
  <testcase name="shouldRegisterValidPerson" classname="edu.unisabana.tyvs.registry.delivery.rest.RegistryControllerIT" time="0.009"/>
  <testcase name="shouldReturnBadRequestWhenGenderIsNotValid" classname="edu.unisabana.tyvs.registry.delivery.rest.RegistryControllerIT" time="0.007"/>
  <testcase name="shouldReturnDeadWhenPersonIsNotAlive" classname="edu.unisabana.tyvs.registry.delivery.rest.RegistryControllerIT" time="0.007"/>
  <testcase name="shouldReturnDuplicatedWhenIdAlreadyRegistered" classname="edu.unisabana.tyvs.registry.delivery.rest.RegistryControllerIT" time="0.014"/>
</testsuite>