<?xml version="1.0" encoding="UTF-8"?>
<testsuite xmlns:xsi="http://www.w3.org/2001/XMLSchema-instance" xsi:noNamespaceSchemaLocation="https://maven.apache.org/surefire/maven-failsafe-plugin/xsd/failsafe-test-report-3.0.xsd" version="3.0" name="edu.unisabana.tyvs.registry.delivery.rest.RegistraduriaProviderPactIT" time="5.791" tests="2" errors="0" skipped="0" failures="0">
  <properties>
[...]
</properties>
  <testcase name="verificarPacto(PactVerificationContext)[1]" classname="edu.unisabana.tyvs.registry.delivery.rest.RegistraduriaProviderPactIT" time="1.077">
    <system-out><![CDATA[2026-09-13 18:34:45.454  INFO 2316 --- [           main] .b.t.c.SpringBootTestContextBootstrapper : Neither @ContextConfiguration nor @ContextHierarchy found for test class [edu.unisabana.tyvs.registry.delivery.rest.RegistraduriaProviderPactIT], using SpringBootContextLoader
2026-09-13 18:34:45.467  INFO 2316 --- [           main] o.s.t.c.support.AbstractContextLoader    : Could not detect default resource locations for test class [edu.unisabana.tyvs.registry.delivery.rest.RegistraduriaProviderPactIT]: no resource found for suffixes {-context.xml, Context.groovy}.
2026-09-13 18:34:45.468  INFO 2316 --- [           main] t.c.s.AnnotationConfigContextLoaderUtils : Could not detect default configuration classes for test class [edu.unisabana.tyvs.registry.delivery.rest.RegistraduriaProviderPactIT]: RegistraduriaProviderPactIT does not declare any static, non-private, non-final, nested classes annotated with @Configuration.
2026-09-13 18:34:45.474  INFO 2316 --- [           main] .b.t.c.SpringBootTestContextBootstrapper : Found @SpringBootConfiguration edu.unisabana.tyvs.registry.RegistryApplication for test class edu.unisabana.tyvs.registry.delivery.rest.RegistraduriaProviderPactIT
2026-09-13 18:34:45.475  INFO 2316 --- [           main] .b.t.c.SpringBootTestContextBootstrapper : Loaded default TestExecutionListener class names from location [META-INF/spring.factories]: [org.springframework.boot.test.mock.mockito.MockitoTestExecutionListener, org.springframework.boot.test.mock.mockito.ResetMocksTestExecutionListener, org.springframework.boot.test.autoconfigure.restdocs.RestDocsTestExecutionListener, org.springframework.boot.test.autoconfigure.web.client.MockRestServiceServerResetTestExecutionListener, org.springframework.boot.test.autoconfigure.web.servlet.MockMvcPrintOnlyOnFailureTestExecutionListener, org.springframework.boot.test.autoconfigure.web.servlet.WebDriverTestExecutionListener, org.springframework.boot.test.autoconfigure.webservices.client.MockWebServiceServerTestExecutionListener, org.springframework.test.context.web.ServletTestExecutionListener, org.springframework.test.context.support.DirtiesContextBeforeModesTestExecutionListener, org.springframework.test.context.event.ApplicationEventsTestExecutionListener, org.springframework.test.context.support.DependencyInjectionTestExecutionListener, org.springframework.test.context.support.DirtiesContextTestExecutionListener, org.springframework.test.context.transaction.TransactionalTestExecutionListener, org.springframework.test.context.jdbc.SqlScriptsTestExecutionListener, org.springframework.test.context.event.EventPublishingTestExecutionListener]
2026-09-13 18:34:45.478  INFO 2316 --- [           main] .b.t.c.SpringBootTestContextBootstrapper : Using TestExecutionListeners: [org.springframework.test.context.web.ServletTestExecutionListener@75388ef2, org.springframework.test.context.support.DirtiesContextBeforeModesTestExecutionListener@122b07f1, org.springframework.test.context.event.ApplicationEventsTestExecutionListener@440f55ad, org.springframework.boot.test.mock.mockito.MockitoTestExecutionListener@6e2b663, org.springframework.boot.test.autoconfigure.SpringBootDependencyInjectionTestExecutionListener@371ce753, org.springframework.test.context.support.DirtiesContextTestExecutionListener@7dc26ace, org.springframework.test.context.event.EventPublishingTestExecutionListener@43defae6, org.springframework.boot.test.mock.mockito.ResetMocksTestExecutionListener@509c1d50, org.springframework.boot.test.autoconfigure.restdocs.RestDocsTestExecutionListener@ea5e6f, org.springframework.boot.test.autoconfigure.web.client.MockRestServiceServerResetTestExecutionListener@6e10c0a6, org.springframework.boot.test.autoconfigure.web.servlet.MockMvcPrintOnlyOnFailureTestExecutionListener@5a2d1e48, org.springframework.boot.test.autoconfigure.web.servlet.WebDriverTestExecutionListener@6a6beec0, org.springframework.boot.test.autoconfigure.webservices.client.MockWebServiceServerTestExecutionListener@38a0ccc4]

  .   ____          _            __ _ _
 /\\ / ___'_ __ _ _(_)_ __  __ _ \ \ \ \
( ( )\___ | '_ | '_| | '_ \/ _` | \ \ \ \
 \\/  ___)| |_)| | | | | || (_| |  ) ) ) )
  '  |____| .__|_| |_|_| |_\__, | / / / /
 =========|_|==============|___/=/_/_/_/
 :: Spring Boot ::               (v2.7.18)

2026-09-13 18:34:47.641  WARN 2316 --- [           main] ory$DuplicateJsonObjectContextCustomizer : 

Found multiple occurrences of org.json.JSONObject on the class path:

	jar:file:/home/fedep/.m2/repository/com/vaadin/external/google/android-json/0.0.20131108.vaadin1/android-json-0.0.20131108.vaadin1.jar!/org/json/JSONObject.class
	jar:file:/home/fedep/.m2/repository/org/json/json/20240205/json-20240205.jar!/org/json/JSONObject.class

You may wish to exclude one of them to ensure predictable runtime behavior

2026-09-13 18:34:47.644  INFO 2316 --- [           main] e.u.t.r.d.r.RegistraduriaProviderPactIT  : Starting RegistraduriaProviderPactIT using Java 17.0.20 on fedepc with PID 2316 (started by fedep in /mnt/j/TYVS-Taller_Pruebas_Integracion/registraduria)
2026-09-13 18:34:47.644  INFO 2316 --- [           main] e.u.t.r.d.r.RegistraduriaProviderPactIT  : No active profile set, falling back to 1 default profile: "default"
2026-09-13 18:34:48.633  INFO 2316 --- [           main] o.s.b.w.embedded.tomcat.TomcatWebServer  : Tomcat initialized with port(s): 0 (http)
2026-09-13 18:34:48.634  INFO 2316 --- [           main] o.apache.catalina.core.StandardService   : Starting service [Tomcat]
2026-09-13 18:34:48.634  INFO 2316 --- [           main] org.apache.catalina.core.StandardEngine  : Starting Servlet engine: [Apache Tomcat/9.0.83]
2026-09-13 18:34:48.655  INFO 2316 --- [           main] o.a.c.c.C.[Tomcat-1].[localhost].[/]     : Initializing Spring embedded WebApplicationContext
2026-09-13 18:34:48.655  INFO 2316 --- [           main] w.s.c.ServletWebServerApplicationContext : Root WebApplicationContext: initialization completed in 1004 ms
2026-09-13 18:34:50.106  INFO 2316 --- [           main] o.s.b.w.embedded.tomcat.TomcatWebServer  : Tomcat started on port(s): 44855 (http) with context path ''
2026-09-13 18:34:50.108  INFO 2316 --- [           main] e.u.t.r.d.r.RegistraduriaProviderPactIT  : Started RegistraduriaProviderPactIT in 2.541 seconds (JVM running for 17.91)
2026-09-13 18:34:50.179  INFO 2316 --- [           main] rificationStateChangeExtension$Companion : Invoking state change method 'no hay ningun votante registrado con id 900':SETUP

Verifying a pact between certificados and registraduria
  [Using File target/pacts/certificados-registraduria.json]
  Given no hay ningun votante registrado con id 900
  un registro de votante valido
2026-09-13 18:34:50.672  WARN 2316 --- [       Thread-5] au.com.dius.pact.core.support.Metrics    : 
            Please note: we are tracking events anonymously to gather important usage statistics like JVM version
            and operating system. To disable tracking, set the 'pact_do_not_track' system property or environment
            variable to 'true'.
            
2026-09-13 18:34:51.080  INFO 2316 --- [o-auto-2-exec-1] o.a.c.c.C.[Tomcat-1].[localhost].[/]     : Initializing Spring DispatcherServlet 'dispatcherServlet'
2026-09-13 18:34:51.080  INFO 2316 --- [o-auto-2-exec-1] o.s.web.servlet.DispatcherServlet        : Initializing Servlet 'dispatcherServlet'
2026-09-13 18:34:51.080  INFO 2316 --- [o-auto-2-exec-1] o.s.web.servlet.DispatcherServlet        : Completed initialization in 0 ms
    returns a response which
      has status code 200 (OK)
      has a matching body (OK)
2026-09-13 18:34:51.193  WARN 2316 --- [           main] a.c.d.p.p.DefaultTestResultAccumulator   : Not all of the 2 were verified. The following were missing:
2026-09-13 18:34:51.195  WARN 2316 --- [           main] a.c.d.p.p.DefaultTestResultAccumulator   :     un registro de votante repetido
]]></system-out>
  </testcase>
  <testcase name="verificarPacto(PactVerificationContext)[2]" classname="edu.unisabana.tyvs.registry.delivery.rest.RegistraduriaProviderPactIT" time="0.02">
    <system-out><![CDATA[2026-09-13 18:34:51.207  INFO 2316 --- [           main] rificationStateChangeExtension$Companion : Invoking state change method 'ya existe un votante registrado con id 901':SETUP

Verifying a pact between certificados and registraduria
  [Using File target/pacts/certificados-registraduria.json]
  Given ya existe un votante registrado con id 901
  un registro de votante repetido
    returns a response which
      has status code 200 (OK)
      has a matching body (OK)
2026-09-13 18:34:51.223  WARN 2316 --- [           main] a.c.d.p.p.DefaultTestResultAccumulator   : Skipping publishing of verification results as it has been disabled (pact.verifier.publishResults is not 'true')
]]></system-out>
  </testcase>
</testsuite>