<?xml version="1.0" encoding="UTF-8"?>
<testsuite xmlns:xsi="http://www.w3.org/2001/XMLSchema-instance" xsi:noNamespaceSchemaLocation="https://maven.apache.org/surefire/maven-surefire-plugin/xsd/surefire-test-report-3.0.xsd" version="3.0" name="edu.unisabana.tyvs.certificados.CertificadoServicePactTest" time="4.421" tests="2" errors="0" skipped="0" failures="0">
  <properties>
[...]
</properties>
  <testcase name="noEmiteCertificadoCuandoElVotanteEstaDuplicado(MockServer)" classname="edu.unisabana.tyvs.certificados.CertificadoServicePactTest" time="3.834">
    <system-out><![CDATA[18:34:14.078 [main] DEBUG au.com.dius.pact.consumer.junit5.PactConsumerTestExt$Companion - Found @PactTestFor annotation on test method void edu.unisabana.tyvs.certificados.CertificadoServicePactTest.noEmiteCertificadoCuandoElVotanteEstaDuplicado(au.com.dius.pact.consumer.MockServer)
18:34:14.088 [main] DEBUG au.com.dius.pact.consumer.junit5.PactConsumerTestExt$Companion - Found @PactTestFor annotation on test class edu.unisabana.tyvs.certificados.CertificadoServicePactTest
18:34:14.155 [main] DEBUG au.com.dius.pact.consumer.junit5.PactConsumerTestExt$Companion - Looking for @Pact method named 'votanteDuplicado' for provider 'null'
18:34:14.201 [main] DEBUG au.com.dius.pact.consumer.junit5.PactConsumerTestExt$Companion - providerInfo = ProviderInfo(providerName=registraduria, hostInterface=, port=0, pactVersion=V3, providerType=null, https=false, mockServerImplementation=Default, keyStorePath=, keyStoreAlias=, keyStorePassword=, privateKeyPassword=)
18:34:14.215 [main] DEBUG au.com.dius.pact.consumer.junit5.PactConsumerTestExt$Companion - Looking for @Pact method named 'votanteDuplicado' for provider 'registraduria'
18:34:14.222 [main] DEBUG au.com.dius.pact.consumer.junit5.PactConsumerTestExt$Companion - Invoking method 'votanteDuplicado' to get Pact for the test 'noEmiteCertificadoCuandoElVotanteEstaDuplicado'
18:34:14.297 [main] DEBUG org.apache.tika.config.TikaConfig - loading tika config from defaults; no config file specified
18:34:14.860 [main] DEBUG au.com.dius.pact.consumer.BaseJdkMockServer$Companion - Starting mock server
18:34:14.862 [main] DEBUG au.com.dius.pact.consumer.BaseJdkMockServer$Companion - Mock server started: /127.0.0.1:44909
18:34:15.271 [main] DEBUG org.apache.hc.client5.http.impl.classic.InternalHttpClient - ex-0000000001 preparing request execution
18:34:15.302 [main] DEBUG org.apache.hc.client5.http.protocol.RequestAddCookies - ex-0000000001 Cookie spec selected: strict
18:34:15.321 [main] DEBUG org.apache.hc.client5.http.protocol.RequestAuthCache - ex-0000000001 Auth cache not set in the context
18:34:15.322 [main] DEBUG org.apache.hc.client5.http.impl.classic.ProtocolExec - ex-0000000001 target auth state: UNCHALLENGED
18:34:15.324 [main] DEBUG org.apache.hc.client5.http.impl.classic.ProtocolExec - ex-0000000001 proxy auth state: UNCHALLENGED
18:34:15.324 [main] DEBUG org.apache.hc.client5.http.impl.classic.ConnectExec - ex-0000000001 acquiring connection with route {}->http://localhost:44909
18:34:15.324 [main] DEBUG org.apache.hc.client5.http.impl.classic.InternalHttpClient - ex-0000000001 acquiring endpoint (3 MINUTES)
18:34:15.329 [main] DEBUG org.apache.hc.client5.http.impl.io.BasicHttpClientConnectionManager - ep-0000000000 Get connection for route {}->http://localhost:44909
18:34:15.373 [main] DEBUG org.apache.hc.client5.http.impl.classic.InternalHttpClient - ex-0000000001 acquired endpoint InternalConnectionEndpoint-450d10cb
18:34:15.374 [main] DEBUG org.apache.hc.client5.http.impl.classic.ConnectExec - ex-0000000001 opening connection {}->http://localhost:44909
18:34:15.375 [main] DEBUG org.apache.hc.client5.http.impl.classic.InternalHttpClient - InternalConnectionEndpoint-450d10cb connecting endpoint (3 MINUTES)
18:34:15.381 [main] DEBUG org.apache.hc.client5.http.impl.io.DefaultHttpClientConnectionOperator - http-outgoing-0 connecting to localhost/127.0.0.1:44909
18:34:15.384 [main] DEBUG org.apache.hc.client5.http.impl.io.DefaultHttpClientConnectionOperator - http-outgoing-0 connection established 127.0.0.1:46320<->127.0.0.1:44909
18:34:15.384 [main] DEBUG org.apache.hc.client5.http.impl.classic.InternalHttpClient - InternalConnectionEndpoint-450d10cb endpoint connected
18:34:15.386 [main] DEBUG org.apache.hc.client5.http.impl.classic.MainClientExec - ex-0000000001 executing OPTIONS / HTTP/1.1
18:34:15.386 [main] DEBUG org.apache.hc.client5.http.impl.classic.InternalHttpClient - InternalConnectionEndpoint-450d10cb start execution ex-0000000001
18:34:15.386 [main] DEBUG org.apache.hc.client5.http.impl.io.BasicHttpClientConnectionManager - ep-0000000000 Executing exchange ex-0000000001
18:34:15.387 [main] DEBUG org.apache.hc.client5.http.headers - http-outgoing-0 >> OPTIONS / HTTP/1.1
18:34:15.387 [main] DEBUG org.apache.hc.client5.http.headers - http-outgoing-0 >> X-PACT-BOOTCHECK: true
18:34:15.387 [main] DEBUG org.apache.hc.client5.http.headers - http-outgoing-0 >> Accept-Encoding: gzip, x-gzip, deflate
18:34:15.387 [main] DEBUG org.apache.hc.client5.http.headers - http-outgoing-0 >> Host: localhost:44909
18:34:15.387 [main] DEBUG org.apache.hc.client5.http.headers - http-outgoing-0 >> Connection: keep-alive
18:34:15.387 [main] DEBUG org.apache.hc.client5.http.headers - http-outgoing-0 >> User-Agent: Apache-HttpClient/5.1.4 (Java/17.0.20)
18:34:15.388 [main] DEBUG org.apache.hc.client5.http.wire - http-outgoing-0 >> "OPTIONS / HTTP/1.1[\r][\n]"
18:34:15.388 [main] DEBUG org.apache.hc.client5.http.wire - http-outgoing-0 >> "X-PACT-BOOTCHECK: true[\r][\n]"
18:34:15.388 [main] DEBUG org.apache.hc.client5.http.wire - http-outgoing-0 >> "Accept-Encoding: gzip, x-gzip, deflate[\r][\n]"
18:34:15.388 [main] DEBUG org.apache.hc.client5.http.wire - http-outgoing-0 >> "Host: localhost:44909[\r][\n]"
18:34:15.388 [main] DEBUG org.apache.hc.client5.http.wire - http-outgoing-0 >> "Connection: keep-alive[\r][\n]"
18:34:15.388 [main] DEBUG org.apache.hc.client5.http.wire - http-outgoing-0 >> "User-Agent: Apache-HttpClient/5.1.4 (Java/17.0.20)[\r][\n]"
18:34:15.388 [main] DEBUG org.apache.hc.client5.http.wire - http-outgoing-0 >> "[\r][\n]"
18:34:15.421 [main] DEBUG org.apache.hc.client5.http.wire - http-outgoing-0 << "HTTP/1.1 200 OK[\r][\n]"
18:34:15.422 [main] DEBUG org.apache.hc.client5.http.wire - http-outgoing-0 << "Date: Sun, 13 Sep 2026 23:34:15 GMT[\r][\n]"
18:34:15.422 [main] DEBUG org.apache.hc.client5.http.wire - http-outgoing-0 << "Transfer-encoding: chunked[\r][\n]"
18:34:15.422 [main] DEBUG org.apache.hc.client5.http.wire - http-outgoing-0 << "X-pact-bootcheck: true[\r][\n]"
18:34:15.422 [main] DEBUG org.apache.hc.client5.http.wire - http-outgoing-0 << "[\r][\n]"
18:34:15.433 [main] DEBUG org.apache.hc.client5.http.headers - http-outgoing-0 << HTTP/1.1 200 OK
18:34:15.433 [main] DEBUG org.apache.hc.client5.http.headers - http-outgoing-0 << Date: Sun, 13 Sep 2026 23:34:15 GMT
18:34:15.433 [main] DEBUG org.apache.hc.client5.http.headers - http-outgoing-0 << Transfer-encoding: chunked
18:34:15.433 [main] DEBUG org.apache.hc.client5.http.headers - http-outgoing-0 << X-pact-bootcheck: true
18:34:15.450 [main] DEBUG org.apache.hc.client5.http.impl.classic.MainClientExec - ex-0000000001 connection can be kept alive for 3 MINUTES
18:34:15.461 [main] DEBUG org.apache.hc.client5.http.wire - http-outgoing-0 << "0[\r][\n]"
18:34:15.462 [main] DEBUG org.apache.hc.client5.http.wire - http-outgoing-0 << "[\r][\n]"
18:34:15.465 [main] DEBUG org.apache.hc.client5.http.impl.classic.InternalHttpClient - InternalConnectionEndpoint-450d10cb releasing valid endpoint
18:34:15.465 [main] DEBUG org.apache.hc.client5.http.impl.io.BasicHttpClientConnectionManager - ep-0000000000 Releasing connection 127.0.0.1:46320<->127.0.0.1:44909
18:34:15.465 [main] DEBUG org.apache.hc.client5.http.impl.io.BasicHttpClientConnectionManager - ep-0000000000 Connection can be kept alive for 3 MINUTES
18:34:16.438 [main] DEBUG org.springframework.web.client.RestTemplate - HTTP POST http://localhost:44909/register
18:34:16.447 [main] DEBUG org.springframework.web.client.RestTemplate - Accept=[text/plain, application/json, application/*+json, */*]
18:34:16.455 [main] DEBUG org.springframework.web.client.RestTemplate - Writing [{"name":"Luis","id":901,"age":40,"gender":"MALE","alive":true}] as "application/json"
18:34:16.480 [HTTP-Dispatcher] DEBUG au.com.dius.pact.consumer.BaseJdkMockServer$Companion - Received request: 	method: POST
	path: /register
	query: {}
	headers: {Accept=[text/plain, application/json, application/*+json, */*], Connection=[keep-alive], Host=[localhost:44909], User-agent=[Java/17.0.20], Content-type=[application/json], Content-length=[62]}
	matchers: MatchingRules(rules={})
	generators: Generators(categories={})
	body: PRESENT({"name":"Luis","id":901,"age":40,"gender":"MALE","alive":true})
18:34:16.487 [HTTP-Dispatcher] DEBUG au.com.dius.pact.core.matchers.RequestMatching$Companion - comparing to expected request: 
	method: POST
	path: /register
	query: {}
	headers: {Content-Type=[application/json]}
	matchers: MatchingRules(rules={})
	generators: Generators(categories={})
	body: PRESENT({"name":"Luis","id":901,"age":40,"gender":"MALE","alive":true})
18:34:16.489 [HTTP-Dispatcher] DEBUG au.com.dius.pact.core.matchers.RequestMatching$Companion - pluginConfiguration={}
18:34:16.512 [HTTP-Dispatcher] DEBUG au.com.dius.pact.core.matchers.HeaderMatcher - Comparing header 'Content-Type': 'application/json' to 'application/json'
18:34:16.514 [HTTP-Dispatcher] DEBUG au.com.dius.pact.core.matchers.HeaderMatcher - Comparing Content-Type header: 'application/json' to 'application/json'
18:34:16.527 [HTTP-Dispatcher] DEBUG au.com.dius.pact.core.matchers.Matching - matchBody: context=MatchingContext(matchers=MatchingRuleCategory(name=body, matchingRules={}), allowUnexpectedKeys=false, pluginConfiguration={})
18:34:17.621 [HTTP-Dispatcher] DEBUG au.com.dius.pact.core.matchers.Matching - Found a matcher for application/json -> au.com.dius.pact.core.matchers.JsonContentMatcher@1d2fbaea
18:34:17.676 [HTTP-Dispatcher] DEBUG au.com.dius.pact.core.matchers.JsonContentMatcher - compareValues: No matcher defined for path [$, name], using equality
18:34:17.685 [HTTP-Dispatcher] DEBUG au.com.dius.pact.core.matchers.JsonContentMatcher - compareValues: No matcher defined for path [$, id], using equality
18:34:17.688 [HTTP-Dispatcher] DEBUG au.com.dius.pact.core.matchers.JsonContentMatcher - compareValues: No matcher defined for path [$, age], using equality
18:34:17.688 [HTTP-Dispatcher] DEBUG au.com.dius.pact.core.matchers.JsonContentMatcher - compareValues: No matcher defined for path [$, gender], using equality
18:34:17.688 [HTTP-Dispatcher] DEBUG au.com.dius.pact.core.matchers.JsonContentMatcher - compareValues: No matcher defined for path [$, alive], using equality
18:34:17.699 [HTTP-Dispatcher] DEBUG au.com.dius.pact.core.matchers.RequestMatching$Companion - Request mismatch: RequestMatchResult(method=null, path=null, query=[], cookie=null, headers=[HeaderMatchResult(key=Content-Type, result=[])], body=BodyMatchResult(typeMismatch=null, bodyResults=[BodyItemMatchResult(key=$.name, result=[]), BodyItemMatchResult(key=$.id, result=[]), BodyItemMatchResult(key=$.age, result=[]), BodyItemMatchResult(key=$.gender, result=[]), BodyItemMatchResult(key=$.alive, result=[])]))
18:34:17.715 [HTTP-Dispatcher] DEBUG au.com.dius.pact.consumer.BaseJdkMockServer$Companion - Generating response: 	status: 200
	headers: {}
	matchers: MatchingRules(rules={status=MatchingRuleCategory(name=status, matchingRules={}), header=MatchingRuleCategory(name=header, matchingRules={}), body=MatchingRuleCategory(name=body, matchingRules={})})
	generators: Generators(categories={})
	body: PRESENT(DUPLICATED)
18:34:17.720 [main] DEBUG org.springframework.web.client.RestTemplate - Response 200 OK
18:34:17.722 [main] DEBUG org.springframework.web.client.RestTemplate - Reading to [java.lang.String] as "application/octet-stream"
18:34:17.748 [Thread-3] WARN au.com.dius.pact.core.support.Metrics - 
            Please note: we are tracking events anonymously to gather important usage statistics like JVM version
            and operating system. To disable tracking, set the 'pact_do_not_track' system property or environment
            variable to 'true'.
            
18:34:17.821 [Thread-3] DEBUG org.apache.hc.client5.http.impl.classic.InternalHttpClient - ex-0000000002 preparing request execution
18:34:17.822 [Thread-3] DEBUG org.apache.hc.client5.http.protocol.RequestAddCookies - ex-0000000002 Cookie spec selected: strict
18:34:17.822 [Thread-3] DEBUG org.apache.hc.client5.http.protocol.RequestAuthCache - ex-0000000002 Auth cache not set in the context
18:34:17.822 [Thread-3] DEBUG org.apache.hc.client5.http.impl.classic.ProtocolExec - ex-0000000002 target auth state: UNCHALLENGED
18:34:17.822 [Thread-3] DEBUG org.apache.hc.client5.http.impl.classic.ProtocolExec - ex-0000000002 proxy auth state: UNCHALLENGED
18:34:17.822 [Thread-3] DEBUG org.apache.hc.client5.http.impl.classic.ConnectExec - ex-0000000002 acquiring connection with route {s}->https://www.google-analytics.com:443
18:34:17.822 [Thread-3] DEBUG org.apache.hc.client5.http.impl.classic.InternalHttpClient - ex-0000000002 acquiring endpoint (3 MINUTES)
18:34:17.825 [Thread-3] DEBUG org.apache.hc.client5.http.impl.io.PoolingHttpClientConnectionManager - ex-0000000002 endpoint lease request (3 MINUTES) [route: {s}->https://www.google-analytics.com:443][total available: 0; route allocated: 0 of 100; total allocated: 0 of 200]
18:34:17.834 [Thread-3] DEBUG org.apache.hc.client5.http.impl.io.PoolingHttpClientConnectionManager - ex-0000000002 endpoint leased [route: {s}->https://www.google-analytics.com:443][total available: 0; route allocated: 1 of 100; total allocated: 1 of 200]
18:34:17.835 [Thread-3] DEBUG org.apache.hc.client5.http.impl.io.PoolingHttpClientConnectionManager - ex-0000000002 acquired ep-0000000001
18:34:17.835 [Thread-3] DEBUG org.apache.hc.client5.http.impl.classic.InternalHttpClient - ex-0000000002 acquired endpoint ep-0000000001
18:34:17.835 [Thread-3] DEBUG org.apache.hc.client5.http.impl.classic.ConnectExec - ex-0000000002 opening connection {s}->https://www.google-analytics.com:443
18:34:17.835 [Thread-3] DEBUG org.apache.hc.client5.http.impl.classic.InternalHttpClient - ep-0000000001 connecting endpoint (3 MINUTES)
18:34:17.835 [Thread-3] DEBUG org.apache.hc.client5.http.impl.io.PoolingHttpClientConnectionManager - ep-0000000001 connecting endpoint to https://www.google-analytics.com:443 (3 MINUTES)
18:34:17.841 [main] DEBUG au.com.dius.pact.consumer.BaseJdkMockServer$Companion - Mock server shutdown
18:34:17.844 [Thread-3] DEBUG org.apache.hc.client5.http.impl.io.DefaultHttpClientConnectionOperator - http-outgoing-1 connecting to www.google-analytics.com/172.217.29.14:443
18:34:17.844 [Thread-3] DEBUG org.apache.hc.client5.http.ssl.SSLConnectionSocketFactory - Connecting socket to www.google-analytics.com/172.217.29.14:443 with timeout 3 MINUTES
]]></system-out>
  </testcase>
  <testcase name="emiteCertificadoCuandoElVotanteEsValido(MockServer)" classname="edu.unisabana.tyvs.certificados.CertificadoServicePactTest" time="0.165">
    <system-out><![CDATA[18:34:17.879 [main] DEBUG au.com.dius.pact.consumer.junit5.PactConsumerTestExt$Companion - Found @PactTestFor annotation on test method void edu.unisabana.tyvs.certificados.CertificadoServicePactTest.emiteCertificadoCuandoElVotanteEsValido(au.com.dius.pact.consumer.MockServer)
18:34:17.879 [main] DEBUG au.com.dius.pact.consumer.junit5.PactConsumerTestExt$Companion - Found @PactTestFor annotation on test class edu.unisabana.tyvs.certificados.CertificadoServicePactTest
18:34:17.879 [main] DEBUG au.com.dius.pact.consumer.junit5.PactConsumerTestExt$Companion - Looking for @Pact method named 'votanteValido' for provider 'null'
18:34:17.879 [main] DEBUG au.com.dius.pact.consumer.junit5.PactConsumerTestExt$Companion - providerInfo = ProviderInfo(providerName=registraduria, hostInterface=, port=0, pactVersion=V3, providerType=null, https=false, mockServerImplementation=Default, keyStorePath=, keyStoreAlias=, keyStorePassword=, privateKeyPassword=)
18:34:17.880 [main] DEBUG au.com.dius.pact.consumer.junit5.PactConsumerTestExt$Companion - Looking for @Pact method named 'votanteValido' for provider 'registraduria'
18:34:17.880 [main] DEBUG au.com.dius.pact.consumer.junit5.PactConsumerTestExt$Companion - Invoking method 'votanteValido' to get Pact for the test 'emiteCertificadoCuandoElVotanteEsValido'
18:34:17.885 [Thread-3] DEBUG org.apache.hc.client5.http.ssl.SSLConnectionSocketFactory - Enabled protocols: [TLSv1.3, TLSv1.2]
18:34:17.886 [Thread-3] DEBUG org.apache.hc.client5.http.ssl.SSLConnectionSocketFactory - Enabled cipher suites: [TLS_AES_256_GCM_SHA384, TLS_AES_128_GCM_SHA256, TLS_CHACHA20_POLY1305_SHA256, TLS_ECDHE_ECDSA_WITH_AES_256_GCM_SHA384, TLS_ECDHE_ECDSA_WITH_AES_128_GCM_SHA256, TLS_ECDHE_ECDSA_WITH_CHACHA20_POLY1305_SHA256, TLS_ECDHE_RSA_WITH_AES_256_GCM_SHA384, TLS_ECDHE_RSA_WITH_CHACHA20_POLY1305_SHA256, TLS_ECDHE_RSA_WITH_AES_128_GCM_SHA256, TLS_DHE_RSA_WITH_AES_256_GCM_SHA384, TLS_DHE_RSA_WITH_CHACHA20_POLY1305_SHA256, TLS_DHE_DSS_WITH_AES_256_GCM_SHA384, TLS_DHE_RSA_WITH_AES_128_GCM_SHA256, TLS_DHE_DSS_WITH_AES_128_GCM_SHA256, TLS_ECDHE_ECDSA_WITH_AES_256_CBC_SHA384, TLS_ECDHE_RSA_WITH_AES_256_CBC_SHA384, TLS_ECDHE_ECDSA_WITH_AES_128_CBC_SHA256, TLS_ECDHE_RSA_WITH_AES_128_CBC_SHA256, TLS_DHE_RSA_WITH_AES_256_CBC_SHA256, TLS_DHE_DSS_WITH_AES_256_CBC_SHA256, TLS_DHE_RSA_WITH_AES_128_CBC_SHA256, TLS_DHE_DSS_WITH_AES_128_CBC_SHA256, TLS_ECDHE_ECDSA_WITH_AES_256_CBC_SHA, TLS_ECDHE_RSA_WITH_AES_256_CBC_SHA, TLS_ECDHE_ECDSA_WITH_AES_128_CBC_SHA, TLS_ECDHE_RSA_WITH_AES_128_CBC_SHA, TLS_DHE_RSA_WITH_AES_256_CBC_SHA, TLS_DHE_DSS_WITH_AES_256_CBC_SHA, TLS_DHE_RSA_WITH_AES_128_CBC_SHA, TLS_DHE_DSS_WITH_AES_128_CBC_SHA, TLS_EMPTY_RENEGOTIATION_INFO_SCSV]
18:34:17.886 [Thread-3] DEBUG org.apache.hc.client5.http.ssl.SSLConnectionSocketFactory - Starting handshake
18:34:17.887 [main] DEBUG au.com.dius.pact.consumer.BaseJdkMockServer$Companion - Starting mock server
18:34:17.888 [main] DEBUG au.com.dius.pact.consumer.BaseJdkMockServer$Companion - Mock server started: /127.0.0.1:45739
18:34:17.890 [main] DEBUG org.apache.hc.client5.http.impl.classic.InternalHttpClient - ex-0000000003 preparing request execution
18:34:17.890 [main] DEBUG org.apache.hc.client5.http.protocol.RequestAddCookies - ex-0000000003 Cookie spec selected: strict
18:34:17.890 [main] DEBUG org.apache.hc.client5.http.protocol.RequestAuthCache - ex-0000000003 Auth cache not set in the context
18:34:17.890 [main] DEBUG org.apache.hc.client5.http.impl.classic.ProtocolExec - ex-0000000003 target auth state: UNCHALLENGED
18:34:17.890 [main] DEBUG org.apache.hc.client5.http.impl.classic.ProtocolExec - ex-0000000003 proxy auth state: UNCHALLENGED
18:34:17.890 [main] DEBUG org.apache.hc.client5.http.impl.classic.ConnectExec - ex-0000000003 acquiring connection with route {}->http://localhost:45739
18:34:17.891 [main] DEBUG org.apache.hc.client5.http.impl.classic.InternalHttpClient - ex-0000000003 acquiring endpoint (3 MINUTES)
18:34:17.891 [main] DEBUG org.apache.hc.client5.http.impl.io.BasicHttpClientConnectionManager - ep-0000000001 Get connection for route {}->http://localhost:45739
18:34:17.893 [main] DEBUG org.apache.hc.client5.http.impl.classic.InternalHttpClient - ex-0000000003 acquired endpoint InternalConnectionEndpoint-81cd90e
18:34:17.893 [main] DEBUG org.apache.hc.client5.http.impl.classic.ConnectExec - ex-0000000003 opening connection {}->http://localhost:45739
18:34:17.893 [main] DEBUG org.apache.hc.client5.http.impl.classic.InternalHttpClient - InternalConnectionEndpoint-81cd90e connecting endpoint (3 MINUTES)
18:34:17.894 [main] DEBUG org.apache.hc.client5.http.impl.io.DefaultHttpClientConnectionOperator - http-outgoing-2 connecting to localhost/127.0.0.1:45739
18:34:17.894 [main] DEBUG org.apache.hc.client5.http.impl.io.DefaultHttpClientConnectionOperator - http-outgoing-2 connection established 127.0.0.1:45968<->127.0.0.1:45739
18:34:17.894 [main] DEBUG org.apache.hc.client5.http.impl.classic.InternalHttpClient - InternalConnectionEndpoint-81cd90e endpoint connected
18:34:17.894 [main] DEBUG org.apache.hc.client5.http.impl.classic.MainClientExec - ex-0000000003 executing OPTIONS / HTTP/1.1
18:34:17.894 [main] DEBUG org.apache.hc.client5.http.impl.classic.InternalHttpClient - InternalConnectionEndpoint-81cd90e start execution ex-0000000003
18:34:17.895 [main] DEBUG org.apache.hc.client5.http.impl.io.BasicHttpClientConnectionManager - ep-0000000001 Executing exchange ex-0000000003
18:34:17.895 [main] DEBUG org.apache.hc.client5.http.headers - http-outgoing-2 >> OPTIONS / HTTP/1.1
18:34:17.895 [main] DEBUG org.apache.hc.client5.http.headers - http-outgoing-2 >> X-PACT-BOOTCHECK: true
18:34:17.895 [main] DEBUG org.apache.hc.client5.http.headers - http-outgoing-2 >> Accept-Encoding: gzip, x-gzip, deflate
18:34:17.895 [main] DEBUG org.apache.hc.client5.http.headers - http-outgoing-2 >> Host: localhost:45739
18:34:17.895 [main] DEBUG org.apache.hc.client5.http.headers - http-outgoing-2 >> Connection: keep-alive
18:34:17.895 [main] DEBUG org.apache.hc.client5.http.headers - http-outgoing-2 >> User-Agent: Apache-HttpClient/5.1.4 (Java/17.0.20)
18:34:17.895 [main] DEBUG org.apache.hc.client5.http.wire - http-outgoing-2 >> "OPTIONS / HTTP/1.1[\r][\n]"
18:34:17.895 [main] DEBUG org.apache.hc.client5.http.wire - http-outgoing-2 >> "X-PACT-BOOTCHECK: true[\r][\n]"
18:34:17.895 [main] DEBUG org.apache.hc.client5.http.wire - http-outgoing-2 >> "Accept-Encoding: gzip, x-gzip, deflate[\r][\n]"
18:34:17.895 [main] DEBUG org.apache.hc.client5.http.wire - http-outgoing-2 >> "Host: localhost:45739[\r][\n]"
18:34:17.895 [main] DEBUG org.apache.hc.client5.http.wire - http-outgoing-2 >> "Connection: keep-alive[\r][\n]"
18:34:17.895 [main] DEBUG org.apache.hc.client5.http.wire - http-outgoing-2 >> "User-Agent: Apache-HttpClient/5.1.4 (Java/17.0.20)[\r][\n]"
18:34:17.895 [main] DEBUG org.apache.hc.client5.http.wire - http-outgoing-2 >> "[\r][\n]"
18:34:17.896 [main] DEBUG org.apache.hc.client5.http.wire - http-outgoing-2 << "HTTP/1.1 200 OK[\r][\n]"
18:34:17.897 [main] DEBUG org.apache.hc.client5.http.wire - http-outgoing-2 << "Date: Sun, 13 Sep 2026 23:34:17 GMT[\r][\n]"
18:34:17.897 [main] DEBUG org.apache.hc.client5.http.wire - http-outgoing-2 << "Transfer-encoding: chunked[\r][\n]"
18:34:17.897 [main] DEBUG org.apache.hc.client5.http.wire - http-outgoing-2 << "X-pact-bootcheck: true[\r][\n]"
18:34:17.897 [main] DEBUG org.apache.hc.client5.http.wire - http-outgoing-2 << "[\r][\n]"
18:34:17.897 [main] DEBUG org.apache.hc.client5.http.headers - http-outgoing-2 << HTTP/1.1 200 OK
18:34:17.897 [main] DEBUG org.apache.hc.client5.http.headers - http-outgoing-2 << Date: Sun, 13 Sep 2026 23:34:17 GMT
18:34:17.897 [main] DEBUG org.apache.hc.client5.http.headers - http-outgoing-2 << Transfer-encoding: chunked
18:34:17.897 [main] DEBUG org.apache.hc.client5.http.headers - http-outgoing-2 << X-pact-bootcheck: true
18:34:17.897 [main] DEBUG org.apache.hc.client5.http.impl.classic.MainClientExec - ex-0000000003 connection can be kept alive for 3 MINUTES
18:34:17.898 [main] DEBUG org.apache.hc.client5.http.wire - http-outgoing-2 << "0[\r][\n]"
18:34:17.898 [main] DEBUG org.apache.hc.client5.http.wire - http-outgoing-2 << "[\r][\n]"
18:34:17.898 [main] DEBUG org.apache.hc.client5.http.impl.classic.InternalHttpClient - InternalConnectionEndpoint-81cd90e releasing valid endpoint
18:34:17.898 [main] DEBUG org.apache.hc.client5.http.impl.io.BasicHttpClientConnectionManager - ep-0000000001 Releasing connection 127.0.0.1:45968<->127.0.0.1:45739
18:34:17.898 [main] DEBUG org.apache.hc.client5.http.impl.io.BasicHttpClientConnectionManager - ep-0000000001 Connection can be kept alive for 3 MINUTES
18:34:17.916 [main] DEBUG org.springframework.web.client.RestTemplate - HTTP POST http://localhost:45739/register
18:34:17.917 [main] DEBUG org.springframework.web.client.RestTemplate - Accept=[text/plain, application/json, application/*+json, */*]
18:34:17.917 [main] DEBUG org.springframework.web.client.RestTemplate - Writing [{"name":"Ana","id":900,"age":30,"gender":"FEMALE","alive":true}] as "application/json"
18:34:17.918 [HTTP-Dispatcher] DEBUG au.com.dius.pact.consumer.BaseJdkMockServer$Companion - Received request: 	method: POST
	path: /register
	query: {}
	headers: {Accept=[text/plain, application/json, application/*+json, */*], Connection=[keep-alive], Host=[localhost:45739], User-agent=[Java/17.0.20], Content-type=[application/json], Content-length=[63]}
	matchers: MatchingRules(rules={})
	generators: Generators(categories={})
	body: PRESENT({"name":"Ana","id":900,"age":30,"gender":"FEMALE","alive":true})
18:34:17.918 [HTTP-Dispatcher] DEBUG au.com.dius.pact.core.matchers.RequestMatching$Companion - comparing to expected request: 
	method: POST
	path: /register
	query: {}
	headers: {Content-Type=[application/json]}
	matchers: MatchingRules(rules={})
	generators: Generators(categories={})
	body: PRESENT({"name":"Ana","id":900,"age":30,"gender":"FEMALE","alive":true})
18:34:17.919 [HTTP-Dispatcher] DEBUG au.com.dius.pact.core.matchers.RequestMatching$Companion - pluginConfiguration={}
18:34:17.919 [HTTP-Dispatcher] DEBUG au.com.dius.pact.core.matchers.HeaderMatcher - Comparing header 'Content-Type': 'application/json' to 'application/json'
18:34:17.919 [HTTP-Dispatcher] DEBUG au.com.dius.pact.core.matchers.HeaderMatcher - Comparing Content-Type header: 'application/json' to 'application/json'
18:34:17.919 [HTTP-Dispatcher] DEBUG au.com.dius.pact.core.matchers.Matching - matchBody: context=MatchingContext(matchers=MatchingRuleCategory(name=body, matchingRules={}), allowUnexpectedKeys=false, pluginConfiguration={})
18:34:17.923 [HTTP-Dispatcher] DEBUG au.com.dius.pact.core.matchers.Matching - Found a matcher for application/json -> au.com.dius.pact.core.matchers.JsonContentMatcher@1d2fbaea
18:34:17.923 [HTTP-Dispatcher] DEBUG au.com.dius.pact.core.matchers.JsonContentMatcher - compareValues: No matcher defined for path [$, name], using equality
18:34:17.923 [HTTP-Dispatcher] DEBUG au.com.dius.pact.core.matchers.JsonContentMatcher - compareValues: No matcher defined for path [$, id], using equality
18:34:17.923 [HTTP-Dispatcher] DEBUG au.com.dius.pact.core.matchers.JsonContentMatcher - compareValues: No matcher defined for path [$, age], using equality
18:34:17.923 [HTTP-Dispatcher] DEBUG au.com.dius.pact.core.matchers.JsonContentMatcher - compareValues: No matcher defined for path [$, gender], using equality
18:34:17.924 [HTTP-Dispatcher] DEBUG au.com.dius.pact.core.matchers.JsonContentMatcher - compareValues: No matcher defined for path [$, alive], using equality
18:34:17.924 [HTTP-Dispatcher] DEBUG au.com.dius.pact.core.matchers.RequestMatching$Companion - Request mismatch: RequestMatchResult(method=null, path=null, query=[], cookie=null, headers=[HeaderMatchResult(key=Content-Type, result=[])], body=BodyMatchResult(typeMismatch=null, bodyResults=[BodyItemMatchResult(key=$.name, result=[]), BodyItemMatchResult(key=$.id, result=[]), BodyItemMatchResult(key=$.age, result=[]), BodyItemMatchResult(key=$.gender, result=[]), BodyItemMatchResult(key=$.alive, result=[])]))
18:34:17.924 [HTTP-Dispatcher] DEBUG au.com.dius.pact.consumer.BaseJdkMockServer$Companion - Generating response: 	status: 200
	headers: {}
	matchers: MatchingRules(rules={status=MatchingRuleCategory(name=status, matchingRules={}), header=MatchingRuleCategory(name=header, matchingRules={}), body=MatchingRuleCategory(name=body, matchingRules={})})
	generators: Generators(categories={})
	body: PRESENT(VALID)
18:34:17.924 [main] DEBUG org.springframework.web.client.RestTemplate - Response 200 OK
18:34:17.924 [main] DEBUG org.springframework.web.client.RestTemplate - Reading to [java.lang.String] as "application/octet-stream"
18:34:17.933 [Thread-5] DEBUG org.apache.hc.client5.http.impl.classic.InternalHttpClient - ex-0000000004 preparing request execution
18:34:17.933 [Thread-5] DEBUG org.apache.hc.client5.http.protocol.RequestAddCookies - ex-0000000004 Cookie spec selected: strict
18:34:17.933 [Thread-5] DEBUG org.apache.hc.client5.http.protocol.RequestAuthCache - ex-0000000004 Auth cache not set in the context
18:34:17.933 [Thread-5] DEBUG org.apache.hc.client5.http.impl.classic.ProtocolExec - ex-0000000004 target auth state: UNCHALLENGED
18:34:17.933 [Thread-5] DEBUG org.apache.hc.client5.http.impl.classic.ProtocolExec - ex-0000000004 proxy auth state: UNCHALLENGED
18:34:17.933 [Thread-5] DEBUG org.apache.hc.client5.http.impl.classic.ConnectExec - ex-0000000004 acquiring connection with route {s}->https://www.google-analytics.com:443
18:34:17.934 [Thread-5] DEBUG org.apache.hc.client5.http.impl.classic.InternalHttpClient - ex-0000000004 acquiring endpoint (3 MINUTES)
18:34:17.934 [Thread-5] DEBUG org.apache.hc.client5.http.impl.io.PoolingHttpClientConnectionManager - ex-0000000004 endpoint lease request (3 MINUTES) [route: {s}->https://www.google-analytics.com:443][total available: 0; route allocated: 1 of 100; total allocated: 1 of 200]
18:34:17.934 [Thread-5] DEBUG org.apache.hc.client5.http.impl.io.PoolingHttpClientConnectionManager - ex-0000000004 endpoint leased [route: {s}->https://www.google-analytics.com:443][total available: 0; route allocated: 2 of 100; total allocated: 2 of 200]
18:34:17.934 [Thread-5] DEBUG org.apache.hc.client5.http.impl.io.PoolingHttpClientConnectionManager - ex-0000000004 acquired ep-0000000002
18:34:17.934 [Thread-5] DEBUG org.apache.hc.client5.http.impl.classic.InternalHttpClient - ex-0000000004 acquired endpoint ep-0000000002
18:34:17.934 [Thread-5] DEBUG org.apache.hc.client5.http.impl.classic.ConnectExec - ex-0000000004 opening connection {s}->https://www.google-analytics.com:443
18:34:17.935 [Thread-5] DEBUG org.apache.hc.client5.http.impl.classic.InternalHttpClient - ep-0000000002 connecting endpoint (3 MINUTES)
18:34:17.935 [Thread-5] DEBUG org.apache.hc.client5.http.impl.io.PoolingHttpClientConnectionManager - ep-0000000002 connecting endpoint to https://www.google-analytics.com:443 (3 MINUTES)
18:34:17.935 [Thread-5] DEBUG org.apache.hc.client5.http.impl.io.DefaultHttpClientConnectionOperator - http-outgoing-3 connecting to www.google-analytics.com/172.217.29.14:443
18:34:17.935 [Thread-5] DEBUG org.apache.hc.client5.http.ssl.SSLConnectionSocketFactory - Connecting socket to www.google-analytics.com/172.217.29.14:443 with timeout 3 MINUTES
18:34:17.941 [Thread-5] DEBUG org.apache.hc.client5.http.ssl.SSLConnectionSocketFactory - Enabled protocols: [TLSv1.3, TLSv1.2]
18:34:17.941 [Thread-5] DEBUG org.apache.hc.client5.http.ssl.SSLConnectionSocketFactory - Enabled cipher suites: [TLS_AES_256_GCM_SHA384, TLS_AES_128_GCM_SHA256, TLS_CHACHA20_POLY1305_SHA256, TLS_ECDHE_ECDSA_WITH_AES_256_GCM_SHA384, TLS_ECDHE_ECDSA_WITH_AES_128_GCM_SHA256, TLS_ECDHE_ECDSA_WITH_CHACHA20_POLY1305_SHA256, TLS_ECDHE_RSA_WITH_AES_256_GCM_SHA384, TLS_ECDHE_RSA_WITH_CHACHA20_POLY1305_SHA256, TLS_ECDHE_RSA_WITH_AES_128_GCM_SHA256, TLS_DHE_RSA_WITH_AES_256_GCM_SHA384, TLS_DHE_RSA_WITH_CHACHA20_POLY1305_SHA256, TLS_DHE_DSS_WITH_AES_256_GCM_SHA384, TLS_DHE_RSA_WITH_AES_128_GCM_SHA256, TLS_DHE_DSS_WITH_AES_128_GCM_SHA256, TLS_ECDHE_ECDSA_WITH_AES_256_CBC_SHA384, TLS_ECDHE_RSA_WITH_AES_256_CBC_SHA384, TLS_ECDHE_ECDSA_WITH_AES_128_CBC_SHA256, TLS_ECDHE_RSA_WITH_AES_128_CBC_SHA256, TLS_DHE_RSA_WITH_AES_256_CBC_SHA256, TLS_DHE_DSS_WITH_AES_256_CBC_SHA256, TLS_DHE_RSA_WITH_AES_128_CBC_SHA256, TLS_DHE_DSS_WITH_AES_128_CBC_SHA256, TLS_ECDHE_ECDSA_WITH_AES_256_CBC_SHA, TLS_ECDHE_RSA_WITH_AES_256_CBC_SHA, TLS_ECDHE_ECDSA_WITH_AES_128_CBC_SHA, TLS_ECDHE_RSA_WITH_AES_128_CBC_SHA, TLS_DHE_RSA_WITH_AES_256_CBC_SHA, TLS_DHE_DSS_WITH_AES_256_CBC_SHA, TLS_DHE_RSA_WITH_AES_128_CBC_SHA, TLS_DHE_DSS_WITH_AES_128_CBC_SHA, TLS_EMPTY_RENEGOTIATION_INFO_SCSV]
18:34:17.941 [Thread-5] DEBUG org.apache.hc.client5.http.ssl.SSLConnectionSocketFactory - Starting handshake
18:34:18.030 [main] DEBUG au.com.dius.pact.consumer.BaseJdkMockServer$Companion - Mock server shutdown
18:34:18.040 [Thread-3] DEBUG org.apache.hc.client5.http.ssl.SSLConnectionSocketFactory - Secure session established
18:34:18.040 [Thread-5] DEBUG org.apache.hc.client5.http.ssl.SSLConnectionSocketFactory - Secure session established
18:34:18.040 [Thread-5] DEBUG org.apache.hc.client5.http.ssl.SSLConnectionSocketFactory -  negotiated protocol: TLSv1.3
18:34:18.040 [Thread-3] DEBUG org.apache.hc.client5.http.ssl.SSLConnectionSocketFactory -  negotiated protocol: TLSv1.3
18:34:18.040 [Thread-5] DEBUG org.apache.hc.client5.http.ssl.SSLConnectionSocketFactory -  negotiated cipher suite: TLS_AES_256_GCM_SHA384
18:34:18.040 [Thread-3] DEBUG org.apache.hc.client5.http.ssl.SSLConnectionSocketFactory -  negotiated cipher suite: TLS_AES_256_GCM_SHA384
18:34:18.040 [Thread-3] DEBUG org.apache.hc.client5.http.ssl.SSLConnectionSocketFactory -  peer principal: CN=*.google-analytics.com
18:34:18.040 [Thread-5] DEBUG org.apache.hc.client5.http.ssl.SSLConnectionSocketFactory -  peer principal: CN=*.google-analytics.com
18:34:18.041 [Thread-5] DEBUG org.apache.hc.client5.http.ssl.SSLConnectionSocketFactory -  peer alternative names: [*.google-analytics.com, region1.app-measurement.com, app-measurement.com, region1.att.app-measurement.com, att.app-measurement.com, region1.analytics.app-measurement.com, analytics.app-measurement.com, region1.app-analytics-services-att.com, app-analytics-services-att.com, region1.app-analytics-services.com, app-analytics-services.com, google-analytics.com, region1.google-analytics.com, ssl.google-analytics.com, www.google-analytics.com, region1.analytics.google.com, googletagmanager.com, www.googletagmanager.com, urchin.com, service.urchin.com, fps.goog, *.fps.goog, googleoptimize.com, www.googleoptimize.com]
18:34:18.041 [Thread-3] DEBUG org.apache.hc.client5.http.ssl.SSLConnectionSocketFactory -  peer alternative names: [*.google-analytics.com, region1.app-measurement.com, app-measurement.com, region1.att.app-measurement.com, att.app-measurement.com, region1.analytics.app-measurement.com, analytics.app-measurement.com, region1.app-analytics-services-att.com, app-analytics-services-att.com, region1.app-analytics-services.com, app-analytics-services.com, google-analytics.com, region1.google-analytics.com, ssl.google-analytics.com, www.google-analytics.com, region1.analytics.google.com, googletagmanager.com, www.googletagmanager.com, urchin.com, service.urchin.com, fps.goog, *.fps.goog, googleoptimize.com, www.googleoptimize.com]
18:34:18.041 [Thread-5] DEBUG org.apache.hc.client5.http.ssl.SSLConnectionSocketFactory -  issuer principal: CN=WR2, O=Google Trust Services, C=US
18:34:18.041 [Thread-3] DEBUG org.apache.hc.client5.http.ssl.SSLConnectionSocketFactory -  issuer principal: CN=WR2, O=Google Trust Services, C=US
]]></system-out>
  </testcase>
</testsuite>